[2.910s] Invoking command in '/home/wens/ugv_ws/build/yahboomcar_ctrl': PYTHONPATH=/home/wens/ugv_ws/build/yahboomcar_ctrl/prefix_override:/usr/lib/python3/dist-packages/colcon_core/task/python/colcon_distutils_commands:/home/wens/ugv_ws/install/yahboomcar_ctrl/lib/python3.10/site-packages:${PYTHONPATH} /usr/bin/python3 -W ignore:setup.py install is deprecated -W ignore:easy_install command is deprecated setup.py develop --editable --build-directory /home/wens/ugv_ws/build/yahboomcar_ctrl/build --no-deps symlink_data
[3.508s] /usr/lib/python3/dist-packages/setuptools/dist.py:723: UserWarning: Usage of dash-separated 'script-dir' will not be supported in future versions. Please use the underscore name 'script_dir' instead
[3.508s]   warnings.warn(
[3.578s] running develop
[3.997s] running egg_info
[3.997s] writing yahboomcar_ctrl.egg-info/PKG-INFO
[3.999s] writing dependency_links to yahboomcar_ctrl.egg-info/dependency_links.txt
[4.000s] writing entry points to yahboomcar_ctrl.egg-info/entry_points.txt
[4.000s] writing requirements to yahboomcar_ctrl.egg-info/requires.txt
[4.001s] writing top-level names to yahboomcar_ctrl.egg-info/top_level.txt
[4.005s] reading manifest file 'yahboomcar_ctrl.egg-info/SOURCES.txt'
[4.007s] writing manifest file 'yahboomcar_ctrl.egg-info/SOURCES.txt'
[4.011s] running build_ext
[4.011s] Creating /home/wens/ugv_ws/install/yahboomcar_ctrl/lib/python3.10/site-packages/yahboomcar-ctrl.egg-link (link to .)
[4.014s] Installing yahboom_joy_R2 script to /home/wens/ugv_ws/install/yahboomcar_ctrl/lib/yahboomcar_ctrl
[4.014s] Installing yahboom_joy_X3 script to /home/wens/ugv_ws/install/yahboomcar_ctrl/lib/yahboomcar_ctrl
[4.015s] Installing yahboom_keyboard script to /home/wens/ugv_ws/install/yahboomcar_ctrl/lib/yahboomcar_ctrl
[4.015s] 
[4.015s] Installed /home/wens/ugv_ws/build/yahboomcar_ctrl
[4.016s] running symlink_data
[4.124s] Invoked command in '/home/wens/ugv_ws/build/yahboomcar_ctrl' returned '0': PYTHONPATH=/home/wens/ugv_ws/build/yahboomcar_ctrl/prefix_override:/usr/lib/python3/dist-packages/colcon_core/task/python/colcon_distutils_commands:/home/wens/ugv_ws/install/yahboomcar_ctrl/lib/python3.10/site-packages:${PYTHONPATH} /usr/bin/python3 -W ignore:setup.py install is deprecated -W ignore:easy_install command is deprecated setup.py develop --editable --build-directory /home/wens/ugv_ws/build/yahboomcar_ctrl/build --no-deps symlink_data
