running develop
running egg_info
creating rosmaster_description.egg-info
writing rosmaster_description.egg-info/PKG-INFO
writing dependency_links to rosmaster_description.egg-info/dependency_links.txt
writing entry points to rosmaster_description.egg-info/entry_points.txt
writing requirements to rosmaster_description.egg-info/requires.txt
writing top-level names to rosmaster_description.egg-info/top_level.txt
writing manifest file 'rosmaster_description.egg-info/SOURCES.txt'
reading manifest file 'rosmaster_description.egg-info/SOURCES.txt'
writing manifest file 'rosmaster_description.egg-info/SOURCES.txt'
running build_ext
Creating /home/wens/ugv_ws/install/rosmaster_description/lib/python3.10/site-packages/rosmaster-description.egg-link (link to .)

Installed /home/wens/ugv_ws/build/rosmaster_description
running symlink_data
creating /home/wens/ugv_ws/install/rosmaster_description/share/ament_index
creating /home/wens/ugv_ws/install/rosmaster_description/share/ament_index/resource_index
creating /home/wens/ugv_ws/install/rosmaster_description/share/ament_index/resource_index/packages
symbolically linking /home/wens/ugv_ws/build/rosmaster_description/resource/rosmaster_description -> /home/wens/ugv_ws/install/rosmaster_description/share/ament_index/resource_index/packages
symbolically linking /home/wens/ugv_ws/build/rosmaster_description/package.xml -> /home/wens/ugv_ws/install/rosmaster_description/share/rosmaster_description
creating /home/wens/ugv_ws/install/rosmaster_description/share/rosmaster_description/urdf
symbolically linking /home/wens/ugv_ws/build/rosmaster_description/urdf/ugv.urdf.xacro -> /home/wens/ugv_ws/install/rosmaster_description/share/rosmaster_description/urdf
creating /home/wens/ugv_ws/install/rosmaster_description/share/rosmaster_description/meshes
symbolically linking /home/wens/ugv_ws/build/rosmaster_description/meshes/wens-ugv.mesh.dae -> /home/wens/ugv_ws/install/rosmaster_description/share/rosmaster_description/meshes
symbolically linking /home/wens/ugv_ws/build/rosmaster_description/meshes/wens-ugv.mesh.STL -> /home/wens/ugv_ws/install/rosmaster_description/share/rosmaster_description/meshes
creating /home/wens/ugv_ws/install/rosmaster_description/share/rosmaster_description/launch
symbolically linking /home/wens/ugv_ws/build/rosmaster_description/launch/display.launch.py -> /home/wens/ugv_ws/install/rosmaster_description/share/rosmaster_description/launch
