[2.130s] Invoking command in '/home/wens/ugv_ws/build/rosmaster_bringup': AMENT_PREFIX_PATH=/home/wens/ugv_ws/install/rosmaster_description:/home/wens/ugv_ws/install/rosmaster_base_package:/home/wens/ugv_ws/install/sllidar_ros2:/home/wens/ugv_ws/install/rosmaster_bringup:/home/wens/ugv_ws/install/rosmaster_ctrl:/opt/ros/humble PYTHONPATH=/home/wens/ugv_ws/build/rosmaster_bringup/prefix_override:/usr/lib/python3/dist-packages/colcon_core/task/python/colcon_distutils_commands:/home/wens/ugv_ws/install/rosmaster_bringup/lib/python3.10/site-packages:/home/wens/ugv_ws/build/rosmaster_description:/home/wens/ugv_ws/install/rosmaster_description/lib/python3.10/site-packages:/home/wens/ugv_ws/build/rosmaster_base_package:/home/wens/ugv_ws/install/rosmaster_base_package/lib/python3.10/site-packages:/home/wens/ugv_ws/build/rosmaster_bringup:/home/wens/ugv_ws/install/rosmaster_bringup/lib/python3.10/site-packages:/home/wens/ugv_ws/build/rosmaster_ctrl:/home/wens/ugv_ws/install/rosmaster_ctrl/lib/python3.10/site-packages:/opt/ros/humble/lib/python3.10/site-packages:/opt/ros/humble/local/lib/python3.10/dist-packages /usr/bin/python3 -W ignore:setup.py install is deprecated -W ignore:easy_install command is deprecated setup.py develop --editable --build-directory /home/wens/ugv_ws/build/rosmaster_bringup/build --no-deps symlink_data
[3.365s] running develop
[3.970s] running egg_info
[3.971s] creating rosmaster_bringup.egg-info
[3.973s] writing rosmaster_bringup.egg-info/PKG-INFO
[3.974s] writing dependency_links to rosmaster_bringup.egg-info/dependency_links.txt
[3.975s] writing entry points to rosmaster_bringup.egg-info/entry_points.txt
[3.976s] writing requirements to rosmaster_bringup.egg-info/requires.txt
[3.976s] writing top-level names to rosmaster_bringup.egg-info/top_level.txt
[3.978s] writing manifest file 'rosmaster_bringup.egg-info/SOURCES.txt'
[3.986s] reading manifest file 'rosmaster_bringup.egg-info/SOURCES.txt'
[3.989s] writing manifest file 'rosmaster_bringup.egg-info/SOURCES.txt'
[3.996s] running build_ext
[3.999s] Creating /home/wens/ugv_ws/install/rosmaster_bringup/lib/python3.10/site-packages/rosmaster-bringup.egg-link (link to .)
[4.003s] Installing scan_front_filter_node script to /home/wens/ugv_ws/install/rosmaster_bringup/lib/rosmaster_bringup
[4.005s] 
[4.006s] Installed /home/wens/ugv_ws/build/rosmaster_bringup
[4.006s] running symlink_data
[4.007s] creating /home/wens/ugv_ws/install/rosmaster_bringup/share/ament_index
[4.008s] creating /home/wens/ugv_ws/install/rosmaster_bringup/share/ament_index/resource_index
[4.008s] creating /home/wens/ugv_ws/install/rosmaster_bringup/share/ament_index/resource_index/packages
[4.009s] symbolically linking /home/wens/ugv_ws/build/rosmaster_bringup/resource/rosmaster_bringup -> /home/wens/ugv_ws/install/rosmaster_bringup/share/ament_index/resource_index/packages
[4.010s] symbolically linking /home/wens/ugv_ws/build/rosmaster_bringup/package.xml -> /home/wens/ugv_ws/install/rosmaster_bringup/share/rosmaster_bringup
[4.010s] creating /home/wens/ugv_ws/install/rosmaster_bringup/share/rosmaster_bringup/launch
[4.011s] symbolically linking /home/wens/ugv_ws/build/rosmaster_bringup/launch/ugv_bringup.launch.py -> /home/wens/ugv_ws/install/rosmaster_bringup/share/rosmaster_bringup/launch
[4.144s] Invoked command in '/home/wens/ugv_ws/build/rosmaster_bringup' returned '0': AMENT_PREFIX_PATH=/home/wens/ugv_ws/install/rosmaster_description:/home/wens/ugv_ws/install/rosmaster_base_package:/home/wens/ugv_ws/install/sllidar_ros2:/home/wens/ugv_ws/install/rosmaster_bringup:/home/wens/ugv_ws/install/rosmaster_ctrl:/opt/ros/humble PYTHONPATH=/home/wens/ugv_ws/build/rosmaster_bringup/prefix_override:/usr/lib/python3/dist-packages/colcon_core/task/python/colcon_distutils_commands:/home/wens/ugv_ws/install/rosmaster_bringup/lib/python3.10/site-packages:/home/wens/ugv_ws/build/rosmaster_description:/home/wens/ugv_ws/install/rosmaster_description/lib/python3.10/site-packages:/home/wens/ugv_ws/build/rosmaster_base_package:/home/wens/ugv_ws/install/rosmaster_base_package/lib/python3.10/site-packages:/home/wens/ugv_ws/build/rosmaster_bringup:/home/wens/ugv_ws/install/rosmaster_bringup/lib/python3.10/site-packages:/home/wens/ugv_ws/build/rosmaster_ctrl:/home/wens/ugv_ws/install/rosmaster_ctrl/lib/python3.10/site-packages:/opt/ros/humble/lib/python3.10/site-packages:/opt/ros/humble/local/lib/python3.10/dist-packages /usr/bin/python3 -W ignore:setup.py install is deprecated -W ignore:easy_install command is deprecated setup.py develop --editable --build-directory /home/wens/ugv_ws/build/rosmaster_bringup/build --no-deps symlink_data
