running develop
running egg_info
creating rosmaster_base_package.egg-info
writing rosmaster_base_package.egg-info/PKG-INFO
writing dependency_links to rosmaster_base_package.egg-info/dependency_links.txt
writing entry points to rosmaster_base_package.egg-info/entry_points.txt
writing requirements to rosmaster_base_package.egg-info/requires.txt
writing top-level names to rosmaster_base_package.egg-info/top_level.txt
writing manifest file 'rosmaster_base_package.egg-info/SOURCES.txt'
reading manifest file 'rosmaster_base_package.egg-info/SOURCES.txt'
writing manifest file 'rosmaster_base_package.egg-info/SOURCES.txt'
running build_ext
Creating /home/wens/ugv_ws/install/rosmaster_base_package/lib/python3.10/site-packages/rosmaster-base-package.egg-link (link to .)
Installing rosmaster_base_node script to /home/wens/ugv_ws/install/rosmaster_base_package/lib/rosmaster_base_package

Installed /home/wens/ugv_ws/build/rosmaster_base_package
running symlink_data
creating /home/wens/ugv_ws/install/rosmaster_base_package/share/ament_index
creating /home/wens/ugv_ws/install/rosmaster_base_package/share/ament_index/resource_index
creating /home/wens/ugv_ws/install/rosmaster_base_package/share/ament_index/resource_index/packages
symbolically linking /home/wens/ugv_ws/build/rosmaster_base_package/resource/rosmaster_base_package -> /home/wens/ugv_ws/install/rosmaster_base_package/share/ament_index/resource_index/packages
symbolically linking /home/wens/ugv_ws/build/rosmaster_base_package/package.xml -> /home/wens/ugv_ws/install/rosmaster_base_package/share/rosmaster_base_package
