[3.050s] Invoking command in '/home/wens/ugv_ws/build/rosmaster_base_package': PYTHONPATH=/home/wens/ugv_ws/build/rosmaster_base_package/prefix_override:/usr/lib/python3/dist-packages/colcon_core/task/python/colcon_distutils_commands:/home/wens/ugv_ws/install/rosmaster_base_package/lib/python3.10/site-packages:${PYTHONPATH} /usr/bin/python3 -W ignore:setup.py install is deprecated -W ignore:easy_install command is deprecated setup.py develop --editable --build-directory /home/wens/ugv_ws/build/rosmaster_base_package/build --no-deps symlink_data
[3.685s] running develop
[4.077s] running egg_info
[4.086s] creating rosmaster_base_package.egg-info
[4.086s] writing rosmaster_base_package.egg-info/PKG-INFO
[4.087s] writing dependency_links to rosmaster_base_package.egg-info/dependency_links.txt
[4.089s] writing entry points to rosmaster_base_package.egg-info/entry_points.txt
[4.091s] writing requirements to rosmaster_base_package.egg-info/requires.txt
[4.091s] writing top-level names to rosmaster_base_package.egg-info/top_level.txt
[4.091s] writing manifest file 'rosmaster_base_package.egg-info/SOURCES.txt'
[4.093s] reading manifest file 'rosmaster_base_package.egg-info/SOURCES.txt'
[4.093s] writing manifest file 'rosmaster_base_package.egg-info/SOURCES.txt'
[4.094s] running build_ext
[4.094s] Creating /home/wens/ugv_ws/install/rosmaster_base_package/lib/python3.10/site-packages/rosmaster-base-package.egg-link (link to .)
[4.094s] Installing rosmaster_base_node script to /home/wens/ugv_ws/install/rosmaster_base_package/lib/rosmaster_base_package
[4.095s] 
[4.095s] Installed /home/wens/ugv_ws/build/rosmaster_base_package
[4.101s] running symlink_data
[4.102s] creating /home/wens/ugv_ws/install/rosmaster_base_package/share/ament_index
[4.102s] creating /home/wens/ugv_ws/install/rosmaster_base_package/share/ament_index/resource_index
[4.102s] creating /home/wens/ugv_ws/install/rosmaster_base_package/share/ament_index/resource_index/packages
[4.103s] symbolically linking /home/wens/ugv_ws/build/rosmaster_base_package/resource/rosmaster_base_package -> /home/wens/ugv_ws/install/rosmaster_base_package/share/ament_index/resource_index/packages
[4.103s] symbolically linking /home/wens/ugv_ws/build/rosmaster_base_package/package.xml -> /home/wens/ugv_ws/install/rosmaster_base_package/share/rosmaster_base_package
[4.261s] Invoked command in '/home/wens/ugv_ws/build/rosmaster_base_package' returned '0': PYTHONPATH=/home/wens/ugv_ws/build/rosmaster_base_package/prefix_override:/usr/lib/python3/dist-packages/colcon_core/task/python/colcon_distutils_commands:/home/wens/ugv_ws/install/rosmaster_base_package/lib/python3.10/site-packages:${PYTHONPATH} /usr/bin/python3 -W ignore:setup.py install is deprecated -W ignore:easy_install command is deprecated setup.py develop --editable --build-directory /home/wens/ugv_ws/build/rosmaster_base_package/build --no-deps symlink_data
