[2.959s] Invoking command in '/home/wens/ugv_ws/build/yahboomcar_ctrl': PYTHONPATH=/home/wens/ugv_ws/build/yahboomcar_ctrl/prefix_override:/usr/lib/python3/dist-packages/colcon_core/task/python/colcon_distutils_commands:/home/wens/ugv_ws/install/yahboomcar_ctrl/lib/python3.10/site-packages:${PYTHONPATH} /usr/bin/python3 -W ignore:setup.py install is deprecated -W ignore:easy_install command is deprecated setup.py develop --editable --build-directory /home/wens/ugv_ws/build/yahboomcar_ctrl/build --no-deps symlink_data
[3.591s] /usr/lib/python3/dist-packages/setuptools/dist.py:723: UserWarning: Usage of dash-separated 'script-dir' will not be supported in future versions. Please use the underscore name 'script_dir' instead
[3.591s]   warnings.warn(
[3.670s] running develop
[4.174s] running egg_info
[4.175s] writing yahboomcar_ctrl.egg-info/PKG-INFO
[4.175s] writing dependency_links to yahboomcar_ctrl.egg-info/dependency_links.txt
[4.175s] writing entry points to yahboomcar_ctrl.egg-info/entry_points.txt
[4.176s] writing requirements to yahboomcar_ctrl.egg-info/requires.txt
[4.176s] writing top-level names to yahboomcar_ctrl.egg-info/top_level.txt
[4.181s] reading manifest file 'yahboomcar_ctrl.egg-info/SOURCES.txt'
[4.182s] writing manifest file 'yahboomcar_ctrl.egg-info/SOURCES.txt'
[4.186s] running build_ext
[4.186s] Creating /home/wens/ugv_ws/install/yahboomcar_ctrl/lib/python3.10/site-packages/yahboomcar-ctrl.egg-link (link to .)
[4.189s] Installing yahboom_joy_R2 script to /home/wens/ugv_ws/install/yahboomcar_ctrl/lib/yahboomcar_ctrl
[4.189s] Installing yahboom_joy_X3 script to /home/wens/ugv_ws/install/yahboomcar_ctrl/lib/yahboomcar_ctrl
[4.189s] Installing yahboom_keyboard script to /home/wens/ugv_ws/install/yahboomcar_ctrl/lib/yahboomcar_ctrl
[4.190s] 
[4.190s] Installed /home/wens/ugv_ws/build/yahboomcar_ctrl
[4.190s] running symlink_data
[4.887s] Invoked command in '/home/wens/ugv_ws/build/yahboomcar_ctrl' returned '0': PYTHONPATH=/home/wens/ugv_ws/build/yahboomcar_ctrl/prefix_override:/usr/lib/python3/dist-packages/colcon_core/task/python/colcon_distutils_commands:/home/wens/ugv_ws/install/yahboomcar_ctrl/lib/python3.10/site-packages:${PYTHONPATH} /usr/bin/python3 -W ignore:setup.py install is deprecated -W ignore:easy_install command is deprecated setup.py develop --editable --build-directory /home/wens/ugv_ws/build/yahboomcar_ctrl/build --no-deps symlink_data
