[1.597s] Invoking command in '/home/wens/ugv_ws/build/rosmaster_bringup': AMENT_PREFIX_PATH=/home/wens/ugv_ws/install/rosmaster_description:/home/wens/ugv_ws/install/rosmaster_base_package:/home/wens/ugv_ws/install/yahboomcar_ctrl:/home/wens/ugv_ws/install/sllidar_ros2:/home/wens/ugv_ws/install/rosmaster_bringup:/opt/ros/humble PYTHONPATH=/home/wens/ugv_ws/build/rosmaster_bringup/prefix_override:/usr/lib/python3/dist-packages/colcon_core/task/python/colcon_distutils_commands:/home/wens/ugv_ws/install/rosmaster_bringup/lib/python3.10/site-packages:/home/wens/ugv_ws/build/rosmaster_description:/home/wens/ugv_ws/install/rosmaster_description/lib/python3.10/site-packages:/home/wens/ugv_ws/build/rosmaster_base_package:/home/wens/ugv_ws/install/rosmaster_base_package/lib/python3.10/site-packages:/home/wens/ugv_ws/build/yahboomcar_ctrl:/home/wens/ugv_ws/install/yahboomcar_ctrl/lib/python3.10/site-packages:/home/wens/ugv_ws/build/rosmaster_bringup:/home/wens/ugv_ws/install/rosmaster_bringup/lib/python3.10/site-packages:/opt/ros/humble/lib/python3.10/site-packages:/opt/ros/humble/local/lib/python3.10/dist-packages /usr/bin/python3 -W ignore:setup.py install is deprecated -W ignore:easy_install command is deprecated setup.py develop --editable --build-directory /home/wens/ugv_ws/build/rosmaster_bringup/build --no-deps symlink_data
[2.262s] running develop
[2.662s] running egg_info
[2.662s] writing rosmaster_bringup.egg-info/PKG-INFO
[2.663s] writing dependency_links to rosmaster_bringup.egg-info/dependency_links.txt
[2.663s] writing entry points to rosmaster_bringup.egg-info/entry_points.txt
[2.664s] writing requirements to rosmaster_bringup.egg-info/requires.txt
[2.664s] writing top-level names to rosmaster_bringup.egg-info/top_level.txt
[2.668s] reading manifest file 'rosmaster_bringup.egg-info/SOURCES.txt'
[2.669s] writing manifest file 'rosmaster_bringup.egg-info/SOURCES.txt'
[2.673s] running build_ext
[2.673s] Creating /home/wens/ugv_ws/install/rosmaster_bringup/lib/python3.10/site-packages/rosmaster-bringup.egg-link (link to .)
[2.675s] Installing scan_front_filter_node script to /home/wens/ugv_ws/install/rosmaster_bringup/lib/rosmaster_bringup
[2.676s] 
[2.676s] Installed /home/wens/ugv_ws/build/rosmaster_bringup
[2.677s] running symlink_data
[2.677s] symbolically linking /home/wens/ugv_ws/build/rosmaster_bringup/launch/ugv_slam.launch.py -> /home/wens/ugv_ws/install/rosmaster_bringup/share/rosmaster_bringup/launch
[2.677s] creating /home/wens/ugv_ws/install/rosmaster_bringup/share/rosmaster_bringup/config
[2.677s] symbolically linking /home/wens/ugv_ws/build/rosmaster_bringup/config/slam_toolbox.yaml -> /home/wens/ugv_ws/install/rosmaster_bringup/share/rosmaster_bringup/config
[2.768s] Invoked command in '/home/wens/ugv_ws/build/rosmaster_bringup' returned '0': AMENT_PREFIX_PATH=/home/wens/ugv_ws/install/rosmaster_description:/home/wens/ugv_ws/install/rosmaster_base_package:/home/wens/ugv_ws/install/yahboomcar_ctrl:/home/wens/ugv_ws/install/sllidar_ros2:/home/wens/ugv_ws/install/rosmaster_bringup:/opt/ros/humble PYTHONPATH=/home/wens/ugv_ws/build/rosmaster_bringup/prefix_override:/usr/lib/python3/dist-packages/colcon_core/task/python/colcon_distutils_commands:/home/wens/ugv_ws/install/rosmaster_bringup/lib/python3.10/site-packages:/home/wens/ugv_ws/build/rosmaster_description:/home/wens/ugv_ws/install/rosmaster_description/lib/python3.10/site-packages:/home/wens/ugv_ws/build/rosmaster_base_package:/home/wens/ugv_ws/install/rosmaster_base_package/lib/python3.10/site-packages:/home/wens/ugv_ws/build/yahboomcar_ctrl:/home/wens/ugv_ws/install/yahboomcar_ctrl/lib/python3.10/site-packages:/home/wens/ugv_ws/build/rosmaster_bringup:/home/wens/ugv_ws/install/rosmaster_bringup/lib/python3.10/site-packages:/opt/ros/humble/lib/python3.10/site-packages:/opt/ros/humble/local/lib/python3.10/dist-packages /usr/bin/python3 -W ignore:setup.py install is deprecated -W ignore:easy_install command is deprecated setup.py develop --editable --build-directory /home/wens/ugv_ws/build/rosmaster_bringup/build --no-deps symlink_data
