[1.471s] Invoking command in '/home/wens/ugv_ws/build/sllidar_ros2': CMAKE_PREFIX_PATH=${CMAKE_PREFIX_PATH}:/home/wens/ugv_ws/install/yahboomcar_ctrl:/home/wens/ugv_ws/install/rosmaster_bringup:/home/wens/ugv_ws/install/rosmaster_description:/home/wens/ugv_ws/install/rosmaster_base_package:/opt/ros/humble /usr/bin/cmake --build /home/wens/ugv_ws/build/sllidar_ros2 -- -j6 -l6
[1.658s] [ 35%] Built target sllidar_client
[1.658s] [100%] Built target sllidar_node
[2.205s] Invoked command in '/home/wens/ugv_ws/build/sllidar_ros2' returned '0': CMAKE_PREFIX_PATH=${CMAKE_PREFIX_PATH}:/home/wens/ugv_ws/install/yahboomcar_ctrl:/home/wens/ugv_ws/install/rosmaster_bringup:/home/wens/ugv_ws/install/rosmaster_description:/home/wens/ugv_ws/install/rosmaster_base_package:/opt/ros/humble /usr/bin/cmake --build /home/wens/ugv_ws/build/sllidar_ros2 -- -j6 -l6
[2.229s] Invoking command in '/home/wens/ugv_ws/build/sllidar_ros2': CMAKE_PREFIX_PATH=${CMAKE_PREFIX_PATH}:/home/wens/ugv_ws/install/yahboomcar_ctrl:/home/wens/ugv_ws/install/rosmaster_bringup:/home/wens/ugv_ws/install/rosmaster_description:/home/wens/ugv_ws/install/rosmaster_base_package:/opt/ros/humble /usr/bin/cmake --install /home/wens/ugv_ws/build/sllidar_ros2
[2.258s] -- Install configuration: ""
[2.259s] -- Execute custom install script
[2.261s] -- Up-to-date symlink: /home/wens/ugv_ws/install/sllidar_ros2/share/sllidar_ros2/launch/sllidar_a1_launch.py
[2.261s] -- Up-to-date symlink: /home/wens/ugv_ws/install/sllidar_ros2/share/sllidar_ros2/launch/sllidar_a2m12_launch .py
[2.261s] -- Up-to-date symlink: /home/wens/ugv_ws/install/sllidar_ros2/share/sllidar_ros2/launch/sllidar_a2m7_launch.py
[2.262s] -- Up-to-date symlink: /home/wens/ugv_ws/install/sllidar_ros2/share/sllidar_ros2/launch/sllidar_a2m8_launch.py
[2.263s] -- Up-to-date symlink: /home/wens/ugv_ws/install/sllidar_ros2/share/sllidar_ros2/launch/sllidar_a3_launch.py
[2.264s] -- Up-to-date symlink: /home/wens/ugv_ws/install/sllidar_ros2/share/sllidar_ros2/launch/sllidar_c1_launch.py
[2.264s] -- Up-to-date symlink: /home/wens/ugv_ws/install/sllidar_ros2/share/sllidar_ros2/launch/sllidar_s1_launch.py
[2.264s] -- Up-to-date symlink: /home/wens/ugv_ws/install/sllidar_ros2/share/sllidar_ros2/launch/sllidar_s1_tcp_launch.py
[2.264s] -- Up-to-date symlink: /home/wens/ugv_ws/install/sllidar_ros2/share/sllidar_ros2/launch/sllidar_s2_launch.py
[2.265s] -- Up-to-date symlink: /home/wens/ugv_ws/install/sllidar_ros2/share/sllidar_ros2/launch/sllidar_s2e_launch.py
[2.265s] -- Up-to-date symlink: /home/wens/ugv_ws/install/sllidar_ros2/share/sllidar_ros2/launch/sllidar_s3_launch.py
[2.265s] -- Up-to-date symlink: /home/wens/ugv_ws/install/sllidar_ros2/share/sllidar_ros2/launch/sllidar_t1_launch.py
[2.265s] -- Up-to-date symlink: /home/wens/ugv_ws/install/sllidar_ros2/share/sllidar_ros2/launch/view_sllidar_a1_launch.py
[2.266s] -- Up-to-date symlink: /home/wens/ugv_ws/install/sllidar_ros2/share/sllidar_ros2/launch/view_sllidar_a2m12_launch.py
[2.266s] -- Up-to-date symlink: /home/wens/ugv_ws/install/sllidar_ros2/share/sllidar_ros2/launch/view_sllidar_a2m7_launch.py
[2.268s] -- Up-to-date symlink: /home/wens/ugv_ws/install/sllidar_ros2/share/sllidar_ros2/launch/view_sllidar_a2m8_launch.py
[2.268s] -- Up-to-date symlink: /home/wens/ugv_ws/install/sllidar_ros2/share/sllidar_ros2/launch/view_sllidar_a3_launch.py
[2.268s] -- Up-to-date symlink: /home/wens/ugv_ws/install/sllidar_ros2/share/sllidar_ros2/launch/view_sllidar_c1_launch.py
[2.269s] -- Up-to-date symlink: /home/wens/ugv_ws/install/sllidar_ros2/share/sllidar_ros2/launch/view_sllidar_s1_launch.py
[2.269s] -- Up-to-date symlink: /home/wens/ugv_ws/install/sllidar_ros2/share/sllidar_ros2/launch/view_sllidar_s1_tcp_launch.py
[2.269s] -- Up-to-date symlink: /home/wens/ugv_ws/install/sllidar_ros2/share/sllidar_ros2/launch/view_sllidar_s2_launch.py
[2.270s] -- Up-to-date symlink: /home/wens/ugv_ws/install/sllidar_ros2/share/sllidar_ros2/launch/view_sllidar_s2e_launch.py
[2.270s] -- Up-to-date symlink: /home/wens/ugv_ws/install/sllidar_ros2/share/sllidar_ros2/launch/view_sllidar_s3_launch.py
[2.272s] -- Up-to-date symlink: /home/wens/ugv_ws/install/sllidar_ros2/share/sllidar_ros2/launch/view_sllidar_t1_launch.py
[2.273s] -- Up-to-date symlink: /home/wens/ugv_ws/install/sllidar_ros2/share/sllidar_ros2/rviz/sllidar_ros2.rviz
[2.274s] -- Up-to-date symlink: /home/wens/ugv_ws/install/sllidar_ros2/lib/sllidar_ros2/sllidar_node
[2.275s] -- Up-to-date symlink: /home/wens/ugv_ws/install/sllidar_ros2/lib/sllidar_ros2/sllidar_client
[2.276s] -- Up-to-date symlink: /home/wens/ugv_ws/install/sllidar_ros2/share/ament_index/resource_index/package_run_dependencies/sllidar_ros2
[2.277s] -- Up-to-date symlink: /home/wens/ugv_ws/install/sllidar_ros2/share/ament_index/resource_index/parent_prefix_path/sllidar_ros2
[2.278s] -- Up-to-date symlink: /home/wens/ugv_ws/install/sllidar_ros2/share/sllidar_ros2/environment/ament_prefix_path.sh
[2.278s] -- Up-to-date symlink: /home/wens/ugv_ws/install/sllidar_ros2/share/sllidar_ros2/environment/ament_prefix_path.dsv
[2.279s] -- Up-to-date symlink: /home/wens/ugv_ws/install/sllidar_ros2/share/sllidar_ros2/environment/path.sh
[2.280s] -- Up-to-date symlink: /home/wens/ugv_ws/install/sllidar_ros2/share/sllidar_ros2/environment/path.dsv
[2.281s] -- Up-to-date symlink: /home/wens/ugv_ws/install/sllidar_ros2/share/sllidar_ros2/local_setup.bash
[2.283s] -- Up-to-date symlink: /home/wens/ugv_ws/install/sllidar_ros2/share/sllidar_ros2/local_setup.sh
[2.284s] -- Up-to-date symlink: /home/wens/ugv_ws/install/sllidar_ros2/share/sllidar_ros2/local_setup.zsh
[2.284s] -- Up-to-date symlink: /home/wens/ugv_ws/install/sllidar_ros2/share/sllidar_ros2/local_setup.dsv
[2.284s] -- Symlinking: /home/wens/ugv_ws/install/sllidar_ros2/share/sllidar_ros2/package.dsv
[2.319s] -- Up-to-date symlink: /home/wens/ugv_ws/install/sllidar_ros2/share/ament_index/resource_index/packages/sllidar_ros2
[2.319s] -- Up-to-date symlink: /home/wens/ugv_ws/install/sllidar_ros2/share/sllidar_ros2/cmake/ament_cmake_export_dependencies-extras.cmake
[2.319s] -- Up-to-date symlink: /home/wens/ugv_ws/install/sllidar_ros2/share/sllidar_ros2/cmake/ament_cmake_export_include_directories-extras.cmake
[2.320s] -- Up-to-date symlink: /home/wens/ugv_ws/install/sllidar_ros2/share/sllidar_ros2/cmake/sllidar_ros2Config.cmake
[2.320s] -- Up-to-date symlink: /home/wens/ugv_ws/install/sllidar_ros2/share/sllidar_ros2/cmake/sllidar_ros2Config-version.cmake
[2.320s] -- Up-to-date symlink: /home/wens/ugv_ws/install/sllidar_ros2/share/sllidar_ros2/package.xml
[2.343s] Invoked command in '/home/wens/ugv_ws/build/sllidar_ros2' returned '0': CMAKE_PREFIX_PATH=${CMAKE_PREFIX_PATH}:/home/wens/ugv_ws/install/yahboomcar_ctrl:/home/wens/ugv_ws/install/rosmaster_bringup:/home/wens/ugv_ws/install/rosmaster_description:/home/wens/ugv_ws/install/rosmaster_base_package:/opt/ros/humble /usr/bin/cmake --install /home/wens/ugv_ws/build/sllidar_ros2
